12:19:44.675 [main] INFO  org.testng.internal.Utils - [Utils] MethodGroupsHelper.collectMethodsByGroup() took 0 ms.
12:19:44.683 [main] INFO  org.testng.internal.Utils - [Utils] MethodGroupsHelper.sortMethods() took 0 ms.
12:19:44.684 [main] INFO  org.testng.internal.Utils - [Utils] MethodGroupsHelper.collectMethodsByGroup() took 0 ms.
12:19:44.685 [main] INFO  org.testng.internal.Utils - [Utils] MethodGroupsHelper.sortMethods() took 0 ms.
12:19:44.686 [main] INFO  org.testng.internal.Utils - [Utils] MethodGroupsHelper.collectMethodsByGroup() took 0 ms.
12:19:44.686 [main] INFO  org.testng.internal.Utils - [Utils] MethodGroupsHelper.sortMethods() took 0 ms.
12:19:44.687 [main] INFO  org.testng.internal.Utils - [Utils] MethodGroupsHelper.collectMethodsByGroup() took 0 ms.
12:19:44.688 [main] INFO  org.testng.internal.Utils - [Utils] MethodGroupsHelper.sortMethods() took 0 ms.
12:19:44.689 [main] INFO  org.testng.internal.Utils - [Utils] MethodGroupsHelper.collectMethodsByGroup() took 0 ms.
12:19:44.690 [main] INFO  org.testng.internal.Utils - [Utils] MethodGroupsHelper.sortMethods() took 0 ms.
12:19:44.697 [main] INFO  org.testng.internal.Utils - [Utils] MethodGroupsHelper.collectMethodsByGroup() took 0 ms.
12:19:44.698 [main] INFO  org.testng.internal.Utils - [Utils] MethodGroupsHelper.sortMethods() took 0 ms.
12:19:44.701 [main] INFO  org.testng.internal.Utils - [Utils] MethodGroupsHelper.collectMethodsByGroup() took 0 ms.
12:19:44.702 [main] INFO  org.testng.internal.Utils - [Utils] MethodGroupsHelper.sortMethods() took 0 ms.
12:19:44.702 [main] INFO  org.testng.internal.Utils - [Utils] MethodGroupsHelper.collectMethodsByGroup() took 0 ms.
12:19:44.702 [main] INFO  org.testng.internal.Utils - [Utils] MethodGroupsHelper.sortMethods() took 0 ms.
12:19:44.707 [main] INFO  org.testng.internal.Utils - [Utils] MethodGroupsHelper.collectMethodsByGroup() took 2 ms.
12:19:44.718 [main] INFO  org.testng.internal.Utils - [Utils] MethodGroupsHelper.sortMethods() took 9 ms.
12:19:44.722 [main] INFO  org.testng.internal.Utils - [Utils] MethodGroupsHelper.collectMethodsByGroup() took 0 ms.
12:19:44.723 [main] INFO  org.testng.internal.Utils - [Utils] MethodGroupsHelper.sortMethods() took 0 ms.
12:19:44.723 [main] INFO  org.testng.internal.Utils - [Utils] MethodGroupsHelper.collectMethodsByGroup() took 0 ms.
12:19:44.723 [main] INFO  org.testng.internal.Utils - [Utils] MethodGroupsHelper.sortMethods() took 0 ms.
12:19:44.748 [main] INFO  org.testng.internal.Utils - [TestNG] Running:
  C:\Users\SAI\AppData\Local\Temp\testng-eclipse-1478046405\testng-customsuite.xml

12:19:44.834 [main] INFO  org.testng.internal.Utils - [Utils] DynamicGraphHelper.createDynamicGraph() took 26 ms.
12:26:16.629 [main] INFO  org.testng.internal.Utils - [TestNG] Running:
  C:\Users\SAI\git\openCartV1\OpenCartV1\master.xml

12:26:26.130 [main] INFO  testClasses.RegisterAccountTest - Click on MyAccountLink
12:26:27.076 [main] INFO  testClasses.RegisterAccountTest - Clcik on RegisterLink
12:26:27.096 [main] INFO  testClasses.RegisterAccountTest - Enter User Credentials
12:26:28.311 [main] INFO  testClasses.RegisterAccountTest - Click on Privacy Policy Button
12:26:29.355 [main] INFO  testClasses.RegisterAccountTest - Click on Continue Button
12:26:29.494 [main] INFO  testClasses.RegisterAccountTest - Verify AccountSuccessBreadCrumb Displayed or not
12:26:29.570 [main] INFO  testClasses.RegisterAccountTest - Verify Account Success Message
12:26:33.768 [main] INFO  testClasses.RegisterAccountTest - Click on MyAccountLink
12:26:34.399 [main] INFO  testClasses.RegisterAccountTest - Clcik on RegisterLink
12:26:34.409 [main] INFO  testClasses.RegisterAccountTest - Enter User Credentials
12:26:35.757 [main] INFO  testClasses.RegisterAccountTest - Click on Privacy Policy Button
12:26:36.678 [main] INFO  testClasses.RegisterAccountTest - Click on Continue Button
12:26:36.759 [main] INFO  testClasses.RegisterAccountTest - Verify AccountSuccessBreadCrumb Displayed or not
12:26:36.814 [main] INFO  testClasses.RegisterAccountTest - Verify Account Success Message
12:26:42.760 [main] INFO  testClasses.LoginTest - Click On MyAccountLink
12:26:43.242 [main] INFO  testClasses.LoginTest - Click on loginLink
12:26:43.248 [main] INFO  testClasses.LoginTest -  *****Started TC-001:Login with valid credentials ****
12:26:43.249 [main] INFO  testClasses.LoginTest - Enter valid Email and Password
12:26:43.661 [main] INFO  testClasses.LoginTest - Click on LoginButton
12:26:44.695 [main] INFO  testClasses.LoginTest - *****Finish TC-001:Login with valid credentials *****
12:26:48.252 [main] INFO  testClasses.LoginTest - Click On MyAccountLink
12:26:48.714 [main] INFO  testClasses.LoginTest - Click on loginLink
12:26:48.727 [main] INFO  testClasses.LoginTest - ****Started TC-002:Login with invalid credencials******
12:26:48.728 [main] INFO  testClasses.LoginTest - Enetr Invalid Email and Password
12:26:49.133 [main] INFO  testClasses.LoginTest - Clcik on login Button
